<?xml version="1.0" encoding="UTF-8"?>
<!-- Generated by org.testng.reporters.JUnitReportReporter -->
<testsuite skipped="0" hostname="Asmaas-MacBook-Pro.local" name="com.Maven.MavenTest" tests="1" failures="0" timestamp="02 Dec 2018 17:00:14 GMT" time="0.014" errors="0">
  <testcase name="hello" time="0.014" classname="com.Maven.MavenTest"/>
</testsuite> <!-- com.Maven.MavenTest -->
