<?xml version="1.0" encoding="UTF-8"?>
<!-- Generated by org.testng.reporters.JUnitReportReporter -->
<testsuite skipped="0" hostname="Asmaas-MacBook-Pro.local" name="com.Maven.BaseClass" tests="1" failures="0" timestamp="05 Dec 2018 00:48:02 GMT" time="2.972" errors="0">
  <testcase name="setup" time="2.972" classname="com.Maven.BaseClass"/>
</testsuite> <!-- com.Maven.BaseClass -->
